# JRE version: OpenJDK Runtime Environment (11.0.1+13) (build 11.0.1+13)
# Java VM: OpenJDK 64-Bit Server VM (11.0.1+13, mixed mode, tiered, compressed oops, g1 gc, windows-amd64)
Heap:
 garbage-first heap   total 118784K, used 76547K [0x00000000a1c00000, 0x0000000100000000)
  region size 1024K, 56 young (57344K), 6 survivors (6144K)
 Metaspace       used 51004K, capacity 52107K, committed 52144K, reserved 1095680K
  class space    used 6168K, capacity 6632K, committed 6656K, reserved 1048576K
GC Heap History (10 events):
Event: 11.006 GC heap before
{Heap before GC invocations=14 (full 0):
 garbage-first heap   total 98304K, used 72160K [0x00000000a1c00000, 0x0000000100000000)
  region size 1024K, 57 young (58368K), 5 survivors (5120K)
 Metaspace       used 32284K, capacity 32887K, committed 33200K, reserved 1079296K
  class space    used 3774K, capacity 4027K, committed 4096K, reserved 1048576K
}
Event: 11.014 GC heap after
{Heap after GC invocations=15 (full 0):
 garbage-first heap   total 98304K, used 20621K [0x00000000a1c00000, 0x0000000100000000)
  region size 1024K, 6 young (6144K), 6 survivors (6144K)
 Metaspace       used 32284K, capacity 32887K, committed 33200K, reserved 1079296K
  class space    used 3774K, capacity 4027K, committed 4096K, reserved 1048576K
}
Event: 11.616 GC heap before
{Heap before GC invocations=15 (full 0):
 garbage-first heap   total 98304K, used 43149K [0x00000000a1c00000, 0x0000000100000000)
  region size 1024K, 29 young (29696K), 6 survivors (6144K)
 Metaspace       used 35123K, capacity 35774K, committed 35888K, reserved 1081344K
  class space    used 4091K, capacity 4370K, committed 4480K, reserved 1048576K
}
Event: 11.627 GC heap after
{Heap after GC invocations=16 (full 0):
 garbage-first heap   total 98304K, used 21602K [0x00000000a1c00000, 0x0000000100000000)
  region size 1024K, 6 young (6144K), 6 survivors (6144K)
 Metaspace       used 35123K, capacity 35774K, committed 35888K, reserved 1081344K
  class space    used 4091K, capacity 4370K, committed 4480K, reserved 1048576K
}
Event: 15.257 GC heap before
{Heap before GC invocations=17 (full 0):
 garbage-first heap   total 98304K, used 71778K [0x00000000a1c00000, 0x0000000100000000)
  region size 1024K, 55 young (56320K), 6 survivors (6144K)
 Metaspace       used 40537K, capacity 41511K, committed 41648K, reserved 1085440K
  class space    used 4916K, capacity 5284K, committed 5376K, reserved 1048576K
}
Event: 15.269 GC heap after
{Heap after GC invocations=18 (full 0):
 garbage-first heap   total 98304K, used 23651K [0x00000000a1c00000, 0x0000000100000000)
  region size 1024K, 5 young (5120K), 5 survivors (5120K)
 Metaspace       used 40537K, capacity 41511K, committed 41648K, reserved 1085440K
  class space    used 4916K, capacity 5284K, committed 5376K, reserved 1048576K
}
Event: 17.474 GC heap before
{Heap before GC invocations=18 (full 0):
 garbage-first heap   total 98304K, used 73827K [0x00000000a1c00000, 0x0000000100000000)
  region size 1024K, 54 young (55296K), 5 survivors (5120K)
 Metaspace       used 44766K, capacity 45829K, committed 46000K, reserved 1089536K
  class space    used 5392K, capacity 5812K, committed 5888K, reserved 1048576K
}
Event: 17.482 GC heap after
{Heap after GC invocations=19 (full 0):
 garbage-first heap   total 118784K, used 24056K [0x00000000a1c00000, 0x0000000100000000)
  region size 1024K, 4 young (4096K), 4 survivors (4096K)
 Metaspace       used 44766K, capacity 45829K, committed 46000K, reserved 1089536K
  class space    used 5392K, capacity 5812K, committed 5888K, reserved 1048576K
}
Event: 20.115 GC heap before
{Heap before GC invocations=19 (full 0):
 garbage-first heap   total 118784K, used 86520K [0x00000000a1c00000, 0x0000000100000000)
  region size 1024K, 65 young (66560K), 4 survivors (4096K)
 Metaspace       used 48212K, capacity 49402K, committed 49584K, reserved 1093632K
  class space    used 5814K, capacity 6289K, committed 6400K, reserved 1048576K
}
Event: 20.126 GC heap after
{Heap after GC invocations=20 (full 0):
 garbage-first heap   total 118784K, used 26371K [0x00000000a1c00000, 0x0000000100000000)
  region size 1024K, 6 young (6144K), 6 survivors (6144K)
 Metaspace       used 48212K, capacity 49402K, committed 49584K, reserved 1093632K
  class space    used 5814K, capacity 6289K, committed 6400K, reserved 1048576K
}

