# JRE version: OpenJDK Runtime Environment (11.0.1+13) (build 11.0.1+13)
# Java VM: OpenJDK 64-Bit Server VM (11.0.1+13, mixed mode, tiered, compressed oops, g1 gc, windows-amd64)
Heap:
 garbage-first heap   total 98304K, used 34777K [0x00000000a1c00000, 0x0000000100000000)
  region size 1024K, 19 young (19456K), 6 survivors (6144K)
 Metaspace       used 42013K, capacity 43210K, committed 43436K, reserved 1087488K
  class space    used 5135K, capacity 5607K, committed 5632K, reserved 1048576K
GC Heap History (10 events):
Event: 11.793 GC heap before
{Heap before GC invocations=10 (full 0):
 garbage-first heap   total 98304K, used 69839K [0x00000000a1c00000, 0x0000000100000000)
  region size 1024K, 56 young (57344K), 4 survivors (4096K)
 Metaspace       used 23059K, capacity 23482K, committed 23680K, reserved 1071104K
  class space    used 2730K, capacity 2868K, committed 2944K, reserved 1048576K
}
Event: 11.797 GC heap after
{Heap after GC invocations=11 (full 0):
 garbage-first heap   total 98304K, used 17095K [0x00000000a1c00000, 0x0000000100000000)
  region size 1024K, 4 young (4096K), 4 survivors (4096K)
 Metaspace       used 23059K, capacity 23482K, committed 23680K, reserved 1071104K
  class space    used 2730K, capacity 2868K, committed 2944K, reserved 1048576K
}
Event: 12.427 GC heap before
{Heap before GC invocations=11 (full 0):
 garbage-first heap   total 98304K, used 71367K [0x00000000a1c00000, 0x0000000100000000)
  region size 1024K, 57 young (58368K), 4 survivors (4096K)
 Metaspace       used 26114K, capacity 26653K, committed 26880K, reserved 1073152K
  class space    used 3091K, capacity 3271K, committed 3328K, reserved 1048576K
}
Event: 12.433 GC heap after
{Heap after GC invocations=12 (full 0):
 garbage-first heap   total 98304K, used 17384K [0x00000000a1c00000, 0x0000000100000000)
  region size 1024K, 5 young (5120K), 5 survivors (5120K)
 Metaspace       used 26114K, capacity 26653K, committed 26880K, reserved 1073152K
  class space    used 3091K, capacity 3271K, committed 3328K, reserved 1048576K
}
Event: 13.214 GC heap before
{Heap before GC invocations=12 (full 0):
 garbage-first heap   total 98304K, used 70632K [0x00000000a1c00000, 0x0000000100000000)
  region size 1024K, 57 young (58368K), 5 survivors (5120K)
 Metaspace       used 31077K, capacity 31664K, committed 31744K, reserved 1077248K
  class space    used 3593K, capacity 3793K, committed 3840K, reserved 1048576K
}
Event: 13.222 GC heap after
{Heap after GC invocations=13 (full 0):
 garbage-first heap   total 98304K, used 19354K [0x00000000a1c00000, 0x0000000100000000)
  region size 1024K, 5 young (5120K), 5 survivors (5120K)
 Metaspace       used 31077K, capacity 31664K, committed 31744K, reserved 1077248K
  class space    used 3593K, capacity 3793K, committed 3840K, reserved 1048576K
}
Event: 14.284 GC heap before
{Heap before GC invocations=13 (full 0):
 garbage-first heap   total 98304K, used 52122K [0x00000000a1c00000, 0x0000000100000000)
  region size 1024K, 38 young (38912K), 5 survivors (5120K)
 Metaspace       used 34696K, capacity 35479K, committed 35628K, reserved 1081344K
  class space    used 4073K, capacity 4388K, committed 4480K, reserved 1048576K
}
Event: 14.297 GC heap after
{Heap after GC invocations=14 (full 0):
 garbage-first heap   total 98304K, used 20125K [0x00000000a1c00000, 0x0000000100000000)
  region size 1024K, 5 young (5120K), 5 survivors (5120K)
 Metaspace       used 34696K, capacity 35479K, committed 35628K, reserved 1081344K
  class space    used 4073K, capacity 4388K, committed 4480K, reserved 1048576K
}
Event: 22.510 GC heap before
{Heap before GC invocations=15 (full 0):
 garbage-first heap   total 98304K, used 71325K [0x00000000a1c00000, 0x0000000100000000)
  region size 1024K, 55 young (56320K), 5 survivors (5120K)
 Metaspace       used 41000K, capacity 42039K, committed 42284K, reserved 1085440K
  class space    used 4990K, capacity 5403K, committed 5504K, reserved 1048576K
}
Event: 22.531 GC heap after
{Heap after GC invocations=16 (full 0):
 garbage-first heap   total 98304K, used 22489K [0x00000000a1c00000, 0x0000000100000000)
  region size 1024K, 6 young (6144K), 6 survivors (6144K)
 Metaspace       used 41000K, capacity 42039K, committed 42284K, reserved 1085440K
  class space    used 4990K, capacity 5403K, committed 5504K, reserved 1048576K
}

