<?xml version="1.0" encoding="UTF-8"?>
<testng-results ignored="0" total="1" passed="1" failed="0" skipped="0">
  <reporter-output>
  </reporter-output>
  <suite started-at="2022-03-14T20:06:52 IST" name="Default suite" finished-at="2022-03-14T20:07:06 IST" duration-ms="13907">
    <groups>
      <group name="cucumber">
        <method signature="CucumberRunner.feature(io.cucumber.testng.PickleWrapper,com.qaprosoft.carina.core.foundation.cucumber.FeatureWrapperCustomName,java.lang.String)[pri:0, instance:com.abinbev.carina.demo.CucumberWebSampleTest@22a8e87b]" name="feature" class="com.qaprosoft.carina.core.foundation.cucumber.CucumberRunner"/>
      </group> <!-- cucumber -->
    </groups>
    <test started-at="2022-03-14T20:06:52 IST" name="Default test" finished-at="2022-03-14T20:07:06 IST" duration-ms="13907">
      <class name="com.abinbev.carina.demo.CucumberWebSampleTest">
        <test-method is-config="true" signature="batchFile()[pri:0, instance:com.abinbev.carina.demo.CucumberWebSampleTest@22a8e87b]" started-at="2022-03-14T20:06:52 IST" name="batchFile" finished-at="2022-03-14T20:06:52 IST" duration-ms="27" status="PASS">
          <reporter-output>
          </reporter-output>
        </test-method> <!-- batchFile -->
        <test-method signature="feature(io.cucumber.testng.PickleWrapper,com.qaprosoft.carina.core.foundation.cucumber.FeatureWrapperCustomName,java.lang.String)[pri:0, instance:com.abinbev.carina.demo.CucumberWebSampleTest@22a8e87b]" started-at="2022-03-14T20:06:52 IST" name="feature" description="Runs Cucumber Feature" data-provider="features" finished-at="2022-03-14T20:07:05 IST" duration-ms="13411" status="PASS">
          <params>
            <param index="0">
              <value>
                <![CDATA["Creating new contact details for a customer"]]>
              </value>
            </param>
            <param index="1">
              <value>
                <![CDATA["MAZ Demo run"]]>
              </value>
            </param>
            <param index="2">
              <value>
                <![CDATA[MAZ Demo run (Creating new contact details for a customer)]]>
              </value>
            </param>
          </params>
          <reporter-output>
          </reporter-output>
        </test-method> <!-- feature -->
        <test-method is-config="true" signature="tearDownClass(org.testng.ITestContext)[pri:0, instance:com.abinbev.carina.demo.CucumberWebSampleTest@22a8e87b]" started-at="2022-03-14T20:07:06 IST" name="tearDownClass" finished-at="2022-03-14T20:07:08 IST" duration-ms="2250" status="FAIL">
          <params>
            <param index="0">
              <value>
                <![CDATA[org.testng.TestRunner@12128849]]>
              </value>
            </param>
          </params>
          <exception class="java.io.FileNotFoundException">
            <message>
              <![CDATA[Source 'C:\AbinBevDemo\Maz-automation\reports\failed.txt' does not exist]]>
            </message>
            <full-stacktrace>
              <![CDATA[java.io.FileNotFoundException: Source 'C:\AbinBevDemo\Maz-automation\reports\failed.txt' does not exist
at org.apache.commons.io.FileUtils.checkFileRequirements(FileUtils.java:274)
at org.apache.commons.io.FileUtils.copyFile(FileUtils.java:781)
at org.apache.commons.io.FileUtils.copyFile(FileUtils.java:747)
at com.qaprosoft.carina.core.foundation.report.ReportContext.saveArtifact(ReportContext.java:414)
at com.abinbev.carina.demo.CucumberWebSampleTest.tearDownClass(CucumberWebSampleTest.java:39)
at java.base/jdk.internal.reflect.NativeMethodAccessorImpl.invoke0(Native Method)
at java.base/jdk.internal.reflect.NativeMethodAccessorImpl.invoke(NativeMethodAccessorImpl.java:62)
at java.base/jdk.internal.reflect.DelegatingMethodAccessorImpl.invoke(DelegatingMethodAccessorImpl.java:43)
at java.base/java.lang.reflect.Method.invoke(Method.java:566)
at org.testng.internal.MethodInvocationHelper.invokeMethod(MethodInvocationHelper.java:133)
at org.testng.internal.MethodInvocationHelper.invokeMethodConsideringTimeout(MethodInvocationHelper.java:62)
at org.testng.internal.ConfigInvoker.invokeConfigurationMethod(ConfigInvoker.java:385)
at org.testng.internal.ConfigInvoker.invokeConfigurations(ConfigInvoker.java:321)
at org.testng.SuiteRunner.privateRun(SuiteRunner.java:344)
at org.testng.SuiteRunner.run(SuiteRunner.java:276)
at org.testng.SuiteRunnerWorker.runSuite(SuiteRunnerWorker.java:53)
at org.testng.SuiteRunnerWorker.run(SuiteRunnerWorker.java:96)
at org.testng.TestNG.runSuitesSequentially(TestNG.java:1212)
at org.testng.TestNG.runSuitesLocally(TestNG.java:1134)
at org.testng.TestNG.runSuites(TestNG.java:1063)
at org.testng.TestNG.run(TestNG.java:1031)
at org.testng.remote.AbstractRemoteTestNG.run(AbstractRemoteTestNG.java:115)
at org.testng.remote.RemoteTestNG.initAndRun(RemoteTestNG.java:251)
at org.testng.remote.RemoteTestNG.main(RemoteTestNG.java:77)
]]>
            </full-stacktrace>
          </exception> <!-- java.io.FileNotFoundException -->
          <reporter-output>
          </reporter-output>
        </test-method> <!-- tearDownClass -->
      </class> <!-- com.abinbev.carina.demo.CucumberWebSampleTest -->
    </test> <!-- Default test -->
  </suite> <!-- Default suite -->
</testng-results>
