<?xml version="1.0" encoding="UTF-8"?>
<testng-results ignored="0" total="1" passed="1" failed="0" skipped="0">
  <reporter-output>
  </reporter-output>
  <suite started-at="2022-03-21T21:44:37 IST" name="Default suite" finished-at="2022-03-21T21:45:25 IST" duration-ms="47829">
    <groups>
      <group name="cucumber">
        <method signature="CucumberRunner.feature(io.cucumber.testng.PickleWrapper,com.qaprosoft.carina.core.foundation.cucumber.FeatureWrapperCustomName,java.lang.String)[pri:0, instance:com.abinbev.carina.demo.CucumberWebSampleTest@743f58c3]" name="feature" class="com.qaprosoft.carina.core.foundation.cucumber.CucumberRunner"/>
      </group> <!-- cucumber -->
    </groups>
    <test started-at="2022-03-21T21:44:37 IST" name="Default test" finished-at="2022-03-21T21:45:25 IST" duration-ms="47829">
      <class name="com.abinbev.carina.demo.CucumberWebSampleTest">
        <test-method is-config="true" signature="batchFile()[pri:0, instance:com.abinbev.carina.demo.CucumberWebSampleTest@743f58c3]" started-at="2022-03-21T21:44:37 IST" name="batchFile" finished-at="2022-03-21T21:44:37 IST" duration-ms="71" status="PASS">
          <reporter-output>
          </reporter-output>
        </test-method> <!-- batchFile -->
        <test-method signature="feature(io.cucumber.testng.PickleWrapper,com.qaprosoft.carina.core.foundation.cucumber.FeatureWrapperCustomName,java.lang.String)[pri:0, instance:com.abinbev.carina.demo.CucumberWebSampleTest@743f58c3]" started-at="2022-03-21T21:44:37 IST" name="feature" description="Runs Cucumber Feature" data-provider="features" finished-at="2022-03-21T21:45:24 IST" duration-ms="46622" status="PASS">
          <params>
            <param index="0">
              <value>
                <![CDATA["Updating Credit Limit for a customer"]]>
              </value>
            </param>
            <param index="1">
              <value>
                <![CDATA["MAZ Demo run"]]>
              </value>
            </param>
            <param index="2">
              <value>
                <![CDATA[MAZ Demo run (Updating Credit Limit for a customer)]]>
              </value>
            </param>
          </params>
          <reporter-output>
          </reporter-output>
        </test-method> <!-- feature -->
        <test-method is-config="true" signature="tearDownClass(org.testng.ITestContext)[pri:0, instance:com.abinbev.carina.demo.CucumberWebSampleTest@743f58c3]" started-at="2022-03-21T21:45:25 IST" name="tearDownClass" finished-at="2022-03-21T21:45:25 IST" duration-ms="22" status="PASS">
          <params>
            <param index="0">
              <value>
                <![CDATA[org.testng.TestRunner@769b1d1c]]>
              </value>
            </param>
          </params>
          <reporter-output>
          </reporter-output>
        </test-method> <!-- tearDownClass -->
      </class> <!-- com.abinbev.carina.demo.CucumberWebSampleTest -->
    </test> <!-- Default test -->
  </suite> <!-- Default suite -->
</testng-results>
